#
# There is insufficient memory for the Java Runtime Environment to continue.
# Native memory allocation (malloc) failed to allocate 155856 bytes. Error detail: Chunk::new
# Possible reasons:
#   The system is out of physical RAM or swap space
#   This process is running with CompressedOops enabled, and the Java Heap may be blocking the growth of the native heap
# Possible solutions:
#   Reduce memory load on the system
#   Increase physical memory or swap space
#   Check if swap backing store is full
#   Decrease Java heap size (-Xmx/-Xms)
#   Decrease number of Java threads
#   Decrease Java thread stack sizes (-Xss)
#   Set larger code cache with -XX:ReservedCodeCacheSize=
#   JVM is running with Unscaled Compressed Oops mode in which the Java heap is
#     placed in the first 4GB address space. The Java Heap base address is the
#     maximum limit for the native heap growth. Please use -XX:HeapBaseMinAddress
#     to set the Java Heap base and to place the Java Heap above 4GB virtual address.
# This output file may be truncated or incomplete.
#
#  Out of Memory Error (arena.cpp:150), pid=17584, tid=25312
#
# JRE version: Java(TM) SE Runtime Environment (22.0.2+9) (build 22.0.2+9-70)
# Java VM: Java HotSpot(TM) 64-Bit Server VM (22.0.2+9-70, mixed mode, sharing, tiered, compressed oops, compressed class ptrs, g1 gc, windows-amd64)
# No core dump will be written. Minidumps are not enabled by default on client versions of Windows
#

---------------  S U M M A R Y ------------

Command Line: -Dfile.encoding=UTF-8 --module-path=C:\Users\syedharis\OneDrive\Documents\NetBeansProjects\Chatting Application1\build\classes chatting.application1.Server

Host: AMD Ryzen 5 5500U with Radeon Graphics         , 12 cores, 7G,  Windows 11 , 64 bit Build 22621 (10.0.22621.3958)
Time: Tue Aug 27 19:33:53 2024 India Standard Time elapsed time: 2789.561702 seconds (0d 0h 46m 29s)

---------------  T H R E A D  ---------------

Current thread (0x000002696c008070):  JavaThread "C2 CompilerThread0" daemon [_thread_in_native, id=25312, stack(0x000000bab4200000,0x000000bab4300000) (1024K)]


Current CompileTask:
C2:2789562 1577       4       java.util.HashMap::putVal (300 bytes)

Stack: [0x000000bab4200000,0x000000bab4300000]
Native frames: (J=compiled Java code, j=interpreted, Vv=VM code, C=native code)
V  [jvm.dll+0x6e26e9]  (no source info available)
V  [jvm.dll+0x875753]  (no source info available)
V  [jvm.dll+0x877b7e]  (no source info available)
V  [jvm.dll+0x878253]  (no source info available)
V  [jvm.dll+0x27fc86]  (no source info available)
V  [jvm.dll+0xc3d0f]  (no source info available)
V  [jvm.dll+0xc3f6b]  (no source info available)
V  [jvm.dll+0x3bb442]  (no source info available)
V  [jvm.dll+0x387d4b]  (no source info available)
V  [jvm.dll+0x3871ba]  (no source info available)
V  [jvm.dll+0x2477f8]  (no source info available)
V  [jvm.dll+0x246e9f]  (no source info available)
V  [jvm.dll+0x1c4e80]  (no source info available)
V  [jvm.dll+0x2568f3]  (no source info available)
V  [jvm.dll+0x254baa]  (no source info available)
V  [jvm.dll+0x3f57a6]  (no source info available)
V  [jvm.dll+0x81dc0b]  (no source info available)
V  [jvm.dll+0x6e0d85]  (no source info available)
C  [ucrtbase.dll+0x29333]  (no source info available)
C  [KERNEL32.DLL+0x1257d]  (no source info available)
C  [ntdll.dll+0x5af28]  (no source info available)


---------------  P R O C E S S  ---------------

Threads class SMR info:
_java_thread_list=0x0000026946885e20, length=16, elements={
0x000002696bfd4ca0, 0x000002696bfd59c0, 0x000002696bfd78f0, 0x000002696bfd8a90,
0x000002696bfd97d0, 0x000002696c004b60, 0x000002696c008070, 0x000002696c00bcd0,
0x000002694520dea0, 0x000002694520c460, 0x000002694520d180, 0x000002694520ebc0,
0x000002694520d810, 0x000002694520bdd0, 0x000002694520caf0, 0x000002694bffe270
}

Java Threads: ( => current thread )
  0x000002696bfd4ca0 JavaThread "Reference Handler"          daemon [_thread_blocked, id=16108, stack(0x000000bab3c00000,0x000000bab3d00000) (1024K)]
  0x000002696bfd59c0 JavaThread "Finalizer"                  daemon [_thread_blocked, id=11044, stack(0x000000bab3d00000,0x000000bab3e00000) (1024K)]
  0x000002696bfd78f0 JavaThread "Signal Dispatcher"          daemon [_thread_blocked, id=17548, stack(0x000000bab3e00000,0x000000bab3f00000) (1024K)]
  0x000002696bfd8a90 JavaThread "Attach Listener"            daemon [_thread_blocked, id=7880, stack(0x000000bab3f00000,0x000000bab4000000) (1024K)]
  0x000002696bfd97d0 JavaThread "Service Thread"             daemon [_thread_blocked, id=2292, stack(0x000000bab4000000,0x000000bab4100000) (1024K)]
  0x000002696c004b60 JavaThread "Monitor Deflation Thread"   daemon [_thread_blocked, id=4396, stack(0x000000bab4100000,0x000000bab4200000) (1024K)]
=>0x000002696c008070 JavaThread "C2 CompilerThread0"         daemon [_thread_in_native, id=25312, stack(0x000000bab4200000,0x000000bab4300000) (1024K)]
  0x000002696c00bcd0 JavaThread "C1 CompilerThread0"         daemon [_thread_blocked, id=7464, stack(0x000000bab4300000,0x000000bab4400000) (1024K)]
  0x000002694520dea0 JavaThread "Common-Cleaner"             daemon [_thread_blocked, id=4440, stack(0x000000bab4400000,0x000000bab4500000) (1024K)]
  0x000002694520c460 JavaThread "Notification Thread"        daemon [_thread_blocked, id=10448, stack(0x000000bab4500000,0x000000bab4600000) (1024K)]
  0x000002694520d180 JavaThread "Java2D Disposer"            daemon [_thread_blocked, id=28948, stack(0x000000bab4600000,0x000000bab4700000) (1024K)]
  0x000002694520ebc0 JavaThread "AWT-Shutdown"                      [_thread_blocked, id=10584, stack(0x000000bab4700000,0x000000bab4800000) (1024K)]
  0x000002694520d810 JavaThread "AWT-Windows"                daemon [_thread_in_native, id=29268, stack(0x000000bab4800000,0x000000bab4900000) (1024K)]
  0x000002694520bdd0 JavaThread "AWT-EventQueue-0"                  [_thread_in_native, id=28744, stack(0x000000bab5600000,0x000000bab5700000) (1024K)]
  0x000002694520caf0 JavaThread "DestroyJavaVM"                     [_thread_blocked, id=15704, stack(0x000000bab3400000,0x000000bab3500000) (1024K)]
  0x000002694bffe270 JavaThread "D3D Screen Updater"         daemon [_thread_blocked, id=2112, stack(0x000000bab5700000,0x000000bab5800000) (1024K)]
Total: 16

Other Threads:
  0x000002696bfb5ca0 VMThread "VM Thread"                           [id=25608, stack(0x000000bab3b00000,0x000000bab3c00000) (1024K)]
  0x000002696bfa0f00 WatcherThread "VM Periodic Task Thread"        [id=11744, stack(0x000000bab3a00000,0x000000bab3b00000) (1024K)]
  0x000002694f66ca10 WorkerThread "GC Thread#0"                     [id=14076, stack(0x000000bab3500000,0x000000bab3600000) (1024K)]
  0x00000269454e6990 WorkerThread "GC Thread#1"                     [id=37872, stack(0x000000bab3200000,0x000000bab3300000) (1024K)]
  0x000002694550ebe0 WorkerThread "GC Thread#2"                     [id=37996, stack(0x000000bab4b00000,0x000000bab4c00000) (1024K)]
  0x00000269454e6090 WorkerThread "GC Thread#3"                     [id=37992, stack(0x000000bab4c00000,0x000000bab4d00000) (1024K)]
  0x000002694631b740 WorkerThread "GC Thread#4"                     [id=38060, stack(0x000000bab4d00000,0x000000bab4e00000) (1024K)]
  0x00000269452ef130 WorkerThread "GC Thread#5"                     [id=38052, stack(0x000000bab4e00000,0x000000bab4f00000) (1024K)]
  0x00000269452ee620 WorkerThread "GC Thread#6"                     [id=38032, stack(0x000000bab4f00000,0x000000bab5000000) (1024K)]
  0x00000269452eed80 WorkerThread "GC Thread#7"                     [id=38056, stack(0x000000bab5000000,0x000000bab5100000) (1024K)]
  0x00000269452edb10 WorkerThread "GC Thread#8"                     [id=38024, stack(0x000000bab5100000,0x000000bab5200000) (1024K)]
  0x00000269452edec0 WorkerThread "GC Thread#9"                     [id=38044, stack(0x000000bab5c00000,0x000000bab5d00000) (1024K)]
  0x000002694f67d590 ConcurrentGCThread "G1 Main Marker"            [id=21856, stack(0x000000bab3600000,0x000000bab3700000) (1024K)]
  0x000002694f67e250 WorkerThread "G1 Conc#0"                       [id=2956, stack(0x000000bab3700000,0x000000bab3800000) (1024K)]
  0x000002694f6dea30 ConcurrentGCThread "G1 Refine#0"               [id=23220, stack(0x000000bab3800000,0x000000bab3900000) (1024K)]
  0x000002696be757e0 ConcurrentGCThread "G1 Service"                [id=29296, stack(0x000000bab3900000,0x000000bab3a00000) (1024K)]
Total: 16

Threads with active compile tasks:
C2 CompilerThread0  2789638 1577       4       java.util.HashMap::putVal (300 bytes)
Total: 1

VM state: not at safepoint (normal execution)

VM Mutex/Monitor currently owned by a thread: None

Heap address: 0x000000008a400000, size: 1884 MB, Compressed Oops mode: 32-bit

CDS archive(s) mapped at: [0x0000026900000000-0x0000026900c60000-0x0000026900c60000), size 12976128, SharedBaseAddress: 0x0000026900000000, ArchiveRelocationMode: 1.
Compressed class space mapped at: 0x0000026901000000-0x0000026941000000, reserved size: 1073741824
Narrow klass base: 0x0000026900000000, Narrow klass shift: 0, Narrow klass range: 0x41000000

GC Precious Log:
 CardTable entry size: 512
 Card Set container configuration: InlinePtr #cards 5 size 8 Array Of Cards #cards 12 size 40 Howl #buckets 4 coarsen threshold 1843 Howl Bitmap #cards 512 size 80 coarsen threshold 460 Card regions per heap region 1 cards per card region 2048
 CPUs: 12 total, 12 available
 Memory: 7528M
 Large Page Support: Disabled
 NUMA Support: Disabled
 Compressed Oops: Enabled (32-bit)
 Heap Region Size: 1M
 Heap Min Capacity: 8M
 Heap Initial Capacity: 118M
 Heap Max Capacity: 1884M
 Pre-touch: Disabled
 Parallel Workers: 10
 Concurrent Workers: 3
 Concurrent Refinement Workers: 10
 Periodic GC: Disabled

Heap:
 garbage-first heap   total reserved 1929216K, committed 120832K, used 15922K [0x000000008a400000, 0x0000000100000000)
  region size 1024K, 4 young (4096K), 3 survivors (3072K)
 Metaspace       used 7538K, committed 7744K, reserved 1114112K
  class space    used 788K, committed 896K, reserved 1048576K

Heap Regions: E=young(eden), S=young(survivor), O=old, HS=humongous(starts), HC=humongous(continues), CS=collection set, F=free, TAMS=top-at-mark-start, PB=parsable bottom
|   0|0x000000008a400000, 0x000000008a500000, 0x000000008a500000|100%|HS|  |TAMS 0x000000008a400000| PB 0x000000008a400000| Complete |  0
|   1|0x000000008a500000, 0x000000008a600000, 0x000000008a600000|100%|HC|  |TAMS 0x000000008a500000| PB 0x000000008a500000| Complete |  0
|   2|0x000000008a600000, 0x000000008a700000, 0x000000008a700000|100%|HS|  |TAMS 0x000000008a600000| PB 0x000000008a600000| Complete |  0
|   3|0x000000008a700000, 0x000000008a800000, 0x000000008a800000|100%|HS|  |TAMS 0x000000008a700000| PB 0x000000008a700000| Complete |  0
|   4|0x000000008a800000, 0x000000008a900000, 0x000000008a900000|100%|HC|  |TAMS 0x000000008a800000| PB 0x000000008a800000| Complete |  0
|   5|0x000000008a900000, 0x000000008aa00000, 0x000000008aa00000|100%|HS|  |TAMS 0x000000008a900000| PB 0x000000008a900000| Complete |  0
|   6|0x000000008aa00000, 0x000000008ab00000, 0x000000008ab00000|100%|HC|  |TAMS 0x000000008aa00000| PB 0x000000008aa00000| Complete |  0
|   7|0x000000008ab00000, 0x000000008ac00000, 0x000000008ac00000|100%|HS|  |TAMS 0x000000008ab00000| PB 0x000000008ab00000| Complete |  0
|   8|0x000000008ac00000, 0x000000008ad00000, 0x000000008ad00000|100%|HC|  |TAMS 0x000000008ac00000| PB 0x000000008ac00000| Complete |  0
|   9|0x000000008ad00000, 0x000000008ae00000, 0x000000008ae00000|100%|HS|  |TAMS 0x000000008ad00000| PB 0x000000008ad00000| Complete |  0
|  10|0x000000008ae00000, 0x000000008af00000, 0x000000008af00000|100%|HC|  |TAMS 0x000000008ae00000| PB 0x000000008ae00000| Complete |  0
|  11|0x000000008af00000, 0x000000008b000000, 0x000000008b000000|100%| O|  |TAMS 0x000000008af00000| PB 0x000000008af00000| Untracked |  0
|  12|0x000000008b000000, 0x000000008b08c9e0, 0x000000008b100000| 54%| O|  |TAMS 0x000000008b000000| PB 0x000000008b000000| Untracked |  0
|  13|0x000000008b100000, 0x000000008b100000, 0x000000008b200000|  0%| F|  |TAMS 0x000000008b100000| PB 0x000000008b100000| Untracked |  0
|  14|0x000000008b200000, 0x000000008b200000, 0x000000008b300000|  0%| F|  |TAMS 0x000000008b200000| PB 0x000000008b200000| Untracked |  0
|  15|0x000000008b300000, 0x000000008b300000, 0x000000008b400000|  0%| F|  |TAMS 0x000000008b300000| PB 0x000000008b300000| Untracked |  0
|  16|0x000000008b400000, 0x000000008b400000, 0x000000008b500000|  0%| F|  |TAMS 0x000000008b400000| PB 0x000000008b400000| Untracked |  0
|  17|0x000000008b500000, 0x000000008b500000, 0x000000008b600000|  0%| F|  |TAMS 0x000000008b500000| PB 0x000000008b500000| Untracked |  0
|  18|0x000000008b600000, 0x000000008b600000, 0x000000008b700000|  0%| F|  |TAMS 0x000000008b600000| PB 0x000000008b600000| Untracked |  0
|  19|0x000000008b700000, 0x000000008b700000, 0x000000008b800000|  0%| F|  |TAMS 0x000000008b700000| PB 0x000000008b700000| Untracked |  0
|  20|0x000000008b800000, 0x000000008b800000, 0x000000008b900000|  0%| F|  |TAMS 0x000000008b800000| PB 0x000000008b800000| Untracked |  0
|  21|0x000000008b900000, 0x000000008b900000, 0x000000008ba00000|  0%| F|  |TAMS 0x000000008b900000| PB 0x000000008b900000| Untracked |  0
|  22|0x000000008ba00000, 0x000000008ba00000, 0x000000008bb00000|  0%| F|  |TAMS 0x000000008ba00000| PB 0x000000008ba00000| Untracked |  0
|  23|0x000000008bb00000, 0x000000008bb00000, 0x000000008bc00000|  0%| F|  |TAMS 0x000000008bb00000| PB 0x000000008bb00000| Untracked |  0
|  24|0x000000008bc00000, 0x000000008bc00000, 0x000000008bd00000|  0%| F|  |TAMS 0x000000008bc00000| PB 0x000000008bc00000| Untracked |  0
|  25|0x000000008bd00000, 0x000000008bd00000, 0x000000008be00000|  0%| F|  |TAMS 0x000000008bd00000| PB 0x000000008bd00000| Untracked |  0
|  26|0x000000008be00000, 0x000000008be00000, 0x000000008bf00000|  0%| F|  |TAMS 0x000000008be00000| PB 0x000000008be00000| Untracked |  0
|  27|0x000000008bf00000, 0x000000008bf00000, 0x000000008c000000|  0%| F|  |TAMS 0x000000008bf00000| PB 0x000000008bf00000| Untracked |  0
|  28|0x000000008c000000, 0x000000008c000000, 0x000000008c100000|  0%| F|  |TAMS 0x000000008c000000| PB 0x000000008c000000| Untracked |  0
|  29|0x000000008c100000, 0x000000008c100000, 0x000000008c200000|  0%| F|  |TAMS 0x000000008c100000| PB 0x000000008c100000| Untracked |  0
|  30|0x000000008c200000, 0x000000008c200000, 0x000000008c300000|  0%| F|  |TAMS 0x000000008c200000| PB 0x000000008c200000| Untracked |  0
|  31|0x000000008c300000, 0x000000008c300000, 0x000000008c400000|  0%| F|  |TAMS 0x000000008c300000| PB 0x000000008c300000| Untracked |  0
|  32|0x000000008c400000, 0x000000008c400000, 0x000000008c500000|  0%| F|  |TAMS 0x000000008c400000| PB 0x000000008c400000| Untracked |  0
|  33|0x000000008c500000, 0x000000008c500000, 0x000000008c600000|  0%| F|  |TAMS 0x000000008c500000| PB 0x000000008c500000| Untracked |  0
|  34|0x000000008c600000, 0x000000008c600000, 0x000000008c700000|  0%| F|  |TAMS 0x000000008c600000| PB 0x000000008c600000| Untracked |  0
|  35|0x000000008c700000, 0x000000008c700000, 0x000000008c800000|  0%| F|  |TAMS 0x000000008c700000| PB 0x000000008c700000| Untracked |  0
|  36|0x000000008c800000, 0x000000008c800000, 0x000000008c900000|  0%| F|  |TAMS 0x000000008c800000| PB 0x000000008c800000| Untracked |  0
|  37|0x000000008c900000, 0x000000008c900000, 0x000000008ca00000|  0%| F|  |TAMS 0x000000008c900000| PB 0x000000008c900000| Untracked |  0
|  38|0x000000008ca00000, 0x000000008ca00000, 0x000000008cb00000|  0%| F|  |TAMS 0x000000008ca00000| PB 0x000000008ca00000| Untracked |  0
|  39|0x000000008cb00000, 0x000000008cb00000, 0x000000008cc00000|  0%| F|  |TAMS 0x000000008cb00000| PB 0x000000008cb00000| Untracked |  0
|  40|0x000000008cc00000, 0x000000008cc00000, 0x000000008cd00000|  0%| F|  |TAMS 0x000000008cc00000| PB 0x000000008cc00000| Untracked |  0
|  41|0x000000008cd00000, 0x000000008cd00000, 0x000000008ce00000|  0%| F|  |TAMS 0x000000008cd00000| PB 0x000000008cd00000| Untracked |  0
|  42|0x000000008ce00000, 0x000000008ce00000, 0x000000008cf00000|  0%| F|  |TAMS 0x000000008ce00000| PB 0x000000008ce00000| Untracked |  0
|  43|0x000000008cf00000, 0x000000008cf00000, 0x000000008d000000|  0%| F|  |TAMS 0x000000008cf00000| PB 0x000000008cf00000| Untracked |  0
|  44|0x000000008d000000, 0x000000008d000000, 0x000000008d100000|  0%| F|  |TAMS 0x000000008d000000| PB 0x000000008d000000| Untracked |  0
|  45|0x000000008d100000, 0x000000008d100000, 0x000000008d200000|  0%| F|  |TAMS 0x000000008d100000| PB 0x000000008d100000| Untracked |  0
|  46|0x000000008d200000, 0x000000008d200000, 0x000000008d300000|  0%| F|  |TAMS 0x000000008d200000| PB 0x000000008d200000| Untracked |  0
|  47|0x000000008d300000, 0x000000008d300000, 0x000000008d400000|  0%| F|  |TAMS 0x000000008d300000| PB 0x000000008d300000| Untracked |  0
|  48|0x000000008d400000, 0x000000008d400000, 0x000000008d500000|  0%| F|  |TAMS 0x000000008d400000| PB 0x000000008d400000| Untracked |  0
|  49|0x000000008d500000, 0x000000008d500000, 0x000000008d600000|  0%| F|  |TAMS 0x000000008d500000| PB 0x000000008d500000| Untracked |  0
|  50|0x000000008d600000, 0x000000008d600000, 0x000000008d700000|  0%| F|  |TAMS 0x000000008d600000| PB 0x000000008d600000| Untracked |  0
|  51|0x000000008d700000, 0x000000008d700000, 0x000000008d800000|  0%| F|  |TAMS 0x000000008d700000| PB 0x000000008d700000| Untracked |  0
|  52|0x000000008d800000, 0x000000008d800000, 0x000000008d900000|  0%| F|  |TAMS 0x000000008d800000| PB 0x000000008d800000| Untracked |  0
|  53|0x000000008d900000, 0x000000008d900000, 0x000000008da00000|  0%| F|  |TAMS 0x000000008d900000| PB 0x000000008d900000| Untracked |  0
|  54|0x000000008da00000, 0x000000008da00000, 0x000000008db00000|  0%| F|  |TAMS 0x000000008da00000| PB 0x000000008da00000| Untracked |  0
|  55|0x000000008db00000, 0x000000008db00000, 0x000000008dc00000|  0%| F|  |TAMS 0x000000008db00000| PB 0x000000008db00000| Untracked |  0
|  56|0x000000008dc00000, 0x000000008dc00000, 0x000000008dd00000|  0%| F|  |TAMS 0x000000008dc00000| PB 0x000000008dc00000| Untracked |  0
|  57|0x000000008dd00000, 0x000000008dd00000, 0x000000008de00000|  0%| F|  |TAMS 0x000000008dd00000| PB 0x000000008dd00000| Untracked |  0
|  58|0x000000008de00000, 0x000000008de00000, 0x000000008df00000|  0%| F|  |TAMS 0x000000008de00000| PB 0x000000008de00000| Untracked |  0
|  59|0x000000008df00000, 0x000000008df00000, 0x000000008e000000|  0%| F|  |TAMS 0x000000008df00000| PB 0x000000008df00000| Untracked |  0
|  60|0x000000008e000000, 0x000000008e000000, 0x000000008e100000|  0%| F|  |TAMS 0x000000008e000000| PB 0x000000008e000000| Untracked |  0
|  61|0x000000008e100000, 0x000000008e100000, 0x000000008e200000|  0%| F|  |TAMS 0x000000008e100000| PB 0x000000008e100000| Untracked |  0
|  62|0x000000008e200000, 0x000000008e200000, 0x000000008e300000|  0%| F|  |TAMS 0x000000008e200000| PB 0x000000008e200000| Untracked |  0
|  63|0x000000008e300000, 0x000000008e300000, 0x000000008e400000|  0%| F|  |TAMS 0x000000008e300000| PB 0x000000008e300000| Untracked |  0
|  64|0x000000008e400000, 0x000000008e400000, 0x000000008e500000|  0%| F|  |TAMS 0x000000008e400000| PB 0x000000008e400000| Untracked |  0
|  65|0x000000008e500000, 0x000000008e500000, 0x000000008e600000|  0%| F|  |TAMS 0x000000008e500000| PB 0x000000008e500000| Untracked |  0
|  66|0x000000008e600000, 0x000000008e600000, 0x000000008e700000|  0%| F|  |TAMS 0x000000008e600000| PB 0x000000008e600000| Untracked |  0
|  67|0x000000008e700000, 0x000000008e700000, 0x000000008e800000|  0%| F|  |TAMS 0x000000008e700000| PB 0x000000008e700000| Untracked |  0
|  68|0x000000008e800000, 0x000000008e800000, 0x000000008e900000|  0%| F|  |TAMS 0x000000008e800000| PB 0x000000008e800000| Untracked |  0
|  69|0x000000008e900000, 0x000000008e900000, 0x000000008ea00000|  0%| F|  |TAMS 0x000000008e900000| PB 0x000000008e900000| Untracked |  0
|  70|0x000000008ea00000, 0x000000008ea00000, 0x000000008eb00000|  0%| F|  |TAMS 0x000000008ea00000| PB 0x000000008ea00000| Untracked |  0
|  71|0x000000008eb00000, 0x000000008eb00000, 0x000000008ec00000|  0%| F|  |TAMS 0x000000008eb00000| PB 0x000000008eb00000| Untracked |  0
|  72|0x000000008ec00000, 0x000000008ec00000, 0x000000008ed00000|  0%| F|  |TAMS 0x000000008ec00000| PB 0x000000008ec00000| Untracked |  0
|  73|0x000000008ed00000, 0x000000008ed00000, 0x000000008ee00000|  0%| F|  |TAMS 0x000000008ed00000| PB 0x000000008ed00000| Untracked |  0
|  74|0x000000008ee00000, 0x000000008ee00000, 0x000000008ef00000|  0%| F|  |TAMS 0x000000008ee00000| PB 0x000000008ee00000| Untracked |  0
|  75|0x000000008ef00000, 0x000000008ef00000, 0x000000008f000000|  0%| F|  |TAMS 0x000000008ef00000| PB 0x000000008ef00000| Untracked |  0
|  76|0x000000008f000000, 0x000000008f000000, 0x000000008f100000|  0%| F|  |TAMS 0x000000008f000000| PB 0x000000008f000000| Untracked |  0
|  77|0x000000008f100000, 0x000000008f100000, 0x000000008f200000|  0%| F|  |TAMS 0x000000008f100000| PB 0x000000008f100000| Untracked |  0
|  78|0x000000008f200000, 0x000000008f200000, 0x000000008f300000|  0%| F|  |TAMS 0x000000008f200000| PB 0x000000008f200000| Untracked |  0
|  79|0x000000008f300000, 0x000000008f300000, 0x000000008f400000|  0%| F|  |TAMS 0x000000008f300000| PB 0x000000008f300000| Untracked |  0
|  80|0x000000008f400000, 0x000000008f400000, 0x000000008f500000|  0%| F|  |TAMS 0x000000008f400000| PB 0x000000008f400000| Untracked |  0
|  81|0x000000008f500000, 0x000000008f500000, 0x000000008f600000|  0%| F|  |TAMS 0x000000008f500000| PB 0x000000008f500000| Untracked |  0
|  82|0x000000008f600000, 0x000000008f600000, 0x000000008f700000|  0%| F|  |TAMS 0x000000008f600000| PB 0x000000008f600000| Untracked |  0
|  83|0x000000008f700000, 0x000000008f700000, 0x000000008f800000|  0%| F|  |TAMS 0x000000008f700000| PB 0x000000008f700000| Untracked |  0
|  84|0x000000008f800000, 0x000000008f800000, 0x000000008f900000|  0%| F|  |TAMS 0x000000008f800000| PB 0x000000008f800000| Untracked |  0
|  85|0x000000008f900000, 0x000000008f900000, 0x000000008fa00000|  0%| F|  |TAMS 0x000000008f900000| PB 0x000000008f900000| Untracked |  0
|  86|0x000000008fa00000, 0x000000008fa00000, 0x000000008fb00000|  0%| F|  |TAMS 0x000000008fa00000| PB 0x000000008fa00000| Untracked |  0
|  87|0x000000008fb00000, 0x000000008fb00000, 0x000000008fc00000|  0%| F|  |TAMS 0x000000008fb00000| PB 0x000000008fb00000| Untracked |  0
|  88|0x000000008fc00000, 0x000000008fc00000, 0x000000008fd00000|  0%| F|  |TAMS 0x000000008fc00000| PB 0x000000008fc00000| Untracked |  0
|  89|0x000000008fd00000, 0x000000008fd00000, 0x000000008fe00000|  0%| F|  |TAMS 0x000000008fd00000| PB 0x000000008fd00000| Untracked |  0
|  90|0x000000008fe00000, 0x000000008fe00000, 0x000000008ff00000|  0%| F|  |TAMS 0x000000008fe00000| PB 0x000000008fe00000| Untracked |  0
|  91|0x000000008ff00000, 0x0000000090000000, 0x0000000090000000|100%| S|CS|TAMS 0x000000008ff00000| PB 0x000000008ff00000| Complete |  0
|  92|0x0000000090000000, 0x0000000090100000, 0x0000000090100000|100%| S|CS|TAMS 0x0000000090000000| PB 0x0000000090000000| Complete |  0
|  93|0x0000000090100000, 0x0000000090200000, 0x0000000090200000|100%| S|CS|TAMS 0x0000000090100000| PB 0x0000000090100000| Complete |  0
|  94|0x0000000090200000, 0x0000000090200000, 0x0000000090300000|  0%| F|  |TAMS 0x0000000090200000| PB 0x0000000090200000| Untracked |  0
|  95|0x0000000090300000, 0x0000000090300000, 0x0000000090400000|  0%| F|  |TAMS 0x0000000090300000| PB 0x0000000090300000| Untracked |  0
|  96|0x0000000090400000, 0x0000000090400000, 0x0000000090500000|  0%| F|  |TAMS 0x0000000090400000| PB 0x0000000090400000| Untracked |  0
|  97|0x0000000090500000, 0x0000000090500000, 0x0000000090600000|  0%| F|  |TAMS 0x0000000090500000| PB 0x0000000090500000| Untracked |  0
|  98|0x0000000090600000, 0x0000000090600000, 0x0000000090700000|  0%| F|  |TAMS 0x0000000090600000| PB 0x0000000090600000| Untracked |  0
|  99|0x0000000090700000, 0x0000000090700000, 0x0000000090800000|  0%| F|  |TAMS 0x0000000090700000| PB 0x0000000090700000| Untracked |  0
| 100|0x0000000090800000, 0x0000000090800000, 0x0000000090900000|  0%| F|  |TAMS 0x0000000090800000| PB 0x0000000090800000| Untracked |  0
| 101|0x0000000090900000, 0x0000000090900000, 0x0000000090a00000|  0%| F|  |TAMS 0x0000000090900000| PB 0x0000000090900000| Untracked |  0
| 102|0x0000000090a00000, 0x0000000090a00000, 0x0000000090b00000|  0%| F|  |TAMS 0x0000000090a00000| PB 0x0000000090a00000| Untracked |  0
| 103|0x0000000090b00000, 0x0000000090b00000, 0x0000000090c00000|  0%| F|  |TAMS 0x0000000090b00000| PB 0x0000000090b00000| Untracked |  0
| 104|0x0000000090c00000, 0x0000000090c00000, 0x0000000090d00000|  0%| F|  |TAMS 0x0000000090c00000| PB 0x0000000090c00000| Untracked |  0
| 105|0x0000000090d00000, 0x0000000090d00000, 0x0000000090e00000|  0%| F|  |TAMS 0x0000000090d00000| PB 0x0000000090d00000| Untracked |  0
| 106|0x0000000090e00000, 0x0000000090e00000, 0x0000000090f00000|  0%| F|  |TAMS 0x0000000090e00000| PB 0x0000000090e00000| Untracked |  0
| 107|0x0000000090f00000, 0x0000000090f00000, 0x0000000091000000|  0%| F|  |TAMS 0x0000000090f00000| PB 0x0000000090f00000| Untracked |  0
| 108|0x0000000091000000, 0x0000000091000000, 0x0000000091100000|  0%| F|  |TAMS 0x0000000091000000| PB 0x0000000091000000| Untracked |  0
| 109|0x0000000091100000, 0x0000000091100000, 0x0000000091200000|  0%| F|  |TAMS 0x0000000091100000| PB 0x0000000091100000| Untracked |  0
| 110|0x0000000091200000, 0x0000000091200000, 0x0000000091300000|  0%| F|  |TAMS 0x0000000091200000| PB 0x0000000091200000| Untracked |  0
| 111|0x0000000091300000, 0x0000000091300000, 0x0000000091400000|  0%| F|  |TAMS 0x0000000091300000| PB 0x0000000091300000| Untracked |  0
| 112|0x0000000091400000, 0x0000000091400000, 0x0000000091500000|  0%| F|  |TAMS 0x0000000091400000| PB 0x0000000091400000| Untracked |  0
| 113|0x0000000091500000, 0x0000000091500000, 0x0000000091600000|  0%| F|  |TAMS 0x0000000091500000| PB 0x0000000091500000| Untracked |  0
| 114|0x0000000091600000, 0x0000000091600000, 0x0000000091700000|  0%| F|  |TAMS 0x0000000091600000| PB 0x0000000091600000| Untracked |  0
| 115|0x0000000091700000, 0x0000000091700000, 0x0000000091800000|  0%| F|  |TAMS 0x0000000091700000| PB 0x0000000091700000| Untracked |  0
| 116|0x0000000091800000, 0x0000000091800000, 0x0000000091900000|  0%| F|  |TAMS 0x0000000091800000| PB 0x0000000091800000| Untracked |  0
| 117|0x0000000091900000, 0x00000000919e6a90, 0x0000000091a00000| 90%| E|  |TAMS 0x0000000091900000| PB 0x0000000091900000| Complete |  0

Card table byte_map: [0x0000026967270000,0x0000026967620000] _byte_map_base: 0x0000026966e1e000

Marking Bits: (CMBitMap*) 0x000002694f66d120
 Bits: [0x0000026967620000, 0x0000026969390000)

Polling page: 0x000002694d620000

Metaspace:

Usage:
  Non-class:      6.59 MB used.
      Class:    788.79 KB used.
       Both:      7.36 MB used.

Virtual space:
  Non-class space:       64.00 MB reserved,       6.69 MB ( 10%) committed,  1 nodes.
      Class space:        1.00 GB reserved,     896.00 KB ( <1%) committed,  1 nodes.
             Both:        1.06 GB reserved,       7.56 MB ( <1%) committed. 

Chunk freelists:
   Non-Class:  9.00 MB
       Class:  15.11 MB
        Both:  24.11 MB

MaxMetaspaceSize: unlimited
CompressedClassSpaceSize: 1.00 GB
Initial GC threshold: 21.00 MB
Current GC threshold: 21.00 MB
CDS: on
 - commit_granule_bytes: 65536.
 - commit_granule_words: 8192.
 - virtual_space_node_default_size: 8388608.
 - enlarge_chunks_in_place: 1.
 - use_allocation_guard: 0.


Internal statistics:

num_allocs_failed_limit: 0.
num_arena_births: 152.
num_arena_deaths: 0.
num_vsnodes_births: 2.
num_vsnodes_deaths: 0.
num_space_committed: 121.
num_space_uncommitted: 0.
num_chunks_returned_to_freelist: 0.
num_chunks_taken_from_freelist: 193.
num_chunk_merges: 0.
num_chunk_splits: 112.
num_chunks_enlarged: 42.
num_inconsistent_stats: 0.

CodeHeap 'non-profiled nmethods': size=120000Kb used=572Kb max_used=572Kb free=119427Kb
 bounds [0x000002695f440000, 0x000002695f6b0000, 0x0000026966970000]
CodeHeap 'profiled nmethods': size=120000Kb used=2622Kb max_used=2622Kb free=117378Kb
 bounds [0x0000026957970000, 0x0000026957c00000, 0x000002695eea0000]
CodeHeap 'non-nmethods': size=5760Kb used=1559Kb max_used=1613Kb free=4200Kb
 bounds [0x000002695eea0000, 0x000002695f110000, 0x000002695f440000]
 total_blobs=2203 nmethods=1581 adapters=527
 compilation: enabled
              stopped_count=0, restarted_count=0
 full_count=0

Compilation events (20 events):
Event: 2787.763 Thread 0x000002696c00bcd0 nmethod 1573 0x0000026957bf9210 code [0x0000026957bf93c0, 0x0000026957bf9640]
Event: 2787.764 Thread 0x000002696c00bcd0 1574       3       java.lang.invoke.LambdaForm$MH/0x000002690100d000::invoke (25 bytes)
Event: 2787.766 Thread 0x000002696c00bcd0 nmethod 1574 0x0000026957bf9710 code [0x0000026957bf98c0, 0x0000026957bf9dc0]
Event: 2789.334 Thread 0x000002696c00bcd0 1575  s    3       sun.awt.windows.WDesktopProperties::setFontProperty (156 bytes)
Event: 2789.337 Thread 0x000002696c00bcd0 nmethod 1575 0x0000026957bf9f10 code [0x0000026957bfa340, 0x0000026957bfc100]
Event: 2789.466 Thread 0x000002696c008070 1576       4       java.util.HashMap::keysToArray (81 bytes)
Event: 2789.544 Thread 0x000002696c00bcd0 1578       3       java.lang.ref.Reference::enqueueFromPending (19 bytes)
Event: 2789.544 Thread 0x000002696c00bcd0 nmethod 1578 0x0000026957bfcb10 code [0x0000026957bfccc0, 0x0000026957bfced8]
Event: 2789.544 Thread 0x000002696c00bcd0 1580       3       java.lang.ref.ReferenceQueue::enqueue0 (98 bytes)
Event: 2789.545 Thread 0x000002696c00bcd0 nmethod 1580 0x0000026957bfcf90 code [0x0000026957bfd160, 0x0000026957bfd750]
Event: 2789.545 Thread 0x000002696c00bcd0 1579   !   3       java.lang.ref.ReferenceQueue::enqueue (32 bytes)
Event: 2789.546 Thread 0x000002696c00bcd0 nmethod 1579 0x0000026957bfd890 code [0x0000026957bfdae0, 0x0000026957bfe418]
Event: 2789.546 Thread 0x000002696c00bcd0 1581       3       java.lang.ref.ReferenceQueue::poll0 (65 bytes)
Event: 2789.546 Thread 0x000002696c00bcd0 nmethod 1581 0x0000026957bfe790 code [0x0000026957bfe960, 0x0000026957bfee38]
Event: 2789.550 Thread 0x000002696c008070 nmethod 1576 0x000002695f4ce990 code [0x000002695f4ceb40, 0x000002695f4cf108]
Event: 2789.550 Thread 0x000002696c008070 1577       4       java.util.HashMap::putVal (300 bytes)
Event: 2789.552 Thread 0x000002696c00bcd0 1582   !   3       jdk.internal.ref.PhantomCleanable::isListEmpty (34 bytes)
Event: 2789.552 Thread 0x000002696c00bcd0 nmethod 1582 0x0000026957bfef10 code [0x0000026957bff0c0, 0x0000026957bff318]
Event: 2789.552 Thread 0x000002696c00bcd0 1583       3       jdk.internal.misc.InnocuousThread::eraseThreadLocals (23 bytes)
Event: 2789.552 Thread 0x000002696c00bcd0 nmethod 1583 0x0000026957bff410 code [0x0000026957bff5a0, 0x0000026957bff788]

GC Heap History (2 events):
Event: 2789.468 GC heap before
{Heap before GC invocations=0 (full 0):
 garbage-first heap   total reserved 1929216K, committed 120832K, used 35840K [0x000000008a400000, 0x0000000100000000)
  region size 1024K, 24 young (24576K), 0 survivors (0K)
 Metaspace       used 7534K, committed 7744K, reserved 1114112K
  class space    used 788K, committed 896K, reserved 1048576K
}
Event: 2789.543 GC heap after
{Heap after GC invocations=1 (full 0):
 garbage-first heap   total reserved 1929216K, committed 120832K, used 15922K [0x000000008a400000, 0x0000000100000000)
  region size 1024K, 3 young (3072K), 3 survivors (3072K)
 Metaspace       used 7534K, committed 7744K, reserved 1114112K
  class space    used 788K, committed 896K, reserved 1048576K
}

Dll operation events (9 events):
Event: 0.008 Loaded shared library C:\Program Files\Java\jdk-22\bin\java.dll
Event: 0.039 Loaded shared library C:\Program Files\Java\jdk-22\bin\jsvml.dll
Event: 0.068 Loaded shared library C:\Program Files\Java\jdk-22\bin\net.dll
Event: 0.070 Loaded shared library C:\Program Files\Java\jdk-22\bin\nio.dll
Event: 0.096 Loaded shared library C:\Program Files\Java\jdk-22\bin\jimage.dll
Event: 0.110 Loaded shared library C:\Program Files\Java\jdk-22\bin\awt.dll
Event: 0.303 Loaded shared library C:\Program Files\Java\jdk-22\bin\zip.dll
Event: 0.467 Loaded shared library C:\Program Files\Java\jdk-22\bin\freetype.dll
Event: 0.468 Loaded shared library C:\Program Files\Java\jdk-22\bin\fontmanager.dll

Deoptimization events (20 events):
Event: 2777.307 Thread 0x000002694520d810 Uncommon trap: trap_request=0xffffffbe fr.pc=0x000002695f4ca6a8 relative=0x0000000000000288
Event: 2777.307 Thread 0x000002694520d810 Uncommon trap: reason=profile_predicate action=maybe_recompile pc=0x000002695f4ca6a8 method=java.util.HashMap.keysToArray([Ljava/lang/Object;)[Ljava/lang/Object; @ 36 c2
Event: 2777.307 Thread 0x000002694520d810 DEOPT PACKING pc=0x000002695f4ca6a8 sp=0x000000bab48fe980
Event: 2777.310 Thread 0x000002694520d810 DEOPT UNPACKING pc=0x000002695eef46a2 sp=0x000000bab48fe930 mode 2
Event: 2779.449 Thread 0x000002694520d810 Uncommon trap: trap_request=0xffffffbe fr.pc=0x000002695f4ca6a8 relative=0x0000000000000288
Event: 2779.449 Thread 0x000002694520d810 Uncommon trap: reason=profile_predicate action=maybe_recompile pc=0x000002695f4ca6a8 method=java.util.HashMap.keysToArray([Ljava/lang/Object;)[Ljava/lang/Object; @ 36 c2
Event: 2779.449 Thread 0x000002694520d810 DEOPT PACKING pc=0x000002695f4ca6a8 sp=0x000000bab48fe980
Event: 2779.449 Thread 0x000002694520d810 DEOPT UNPACKING pc=0x000002695eef46a2 sp=0x000000bab48fe930 mode 2
Event: 2781.965 Thread 0x000002694520d810 Uncommon trap: trap_request=0xffffff76 fr.pc=0x000002695f4cda48 relative=0x0000000000000228
Event: 2781.965 Thread 0x000002694520d810 Uncommon trap: reason=predicate action=maybe_recompile pc=0x000002695f4cda48 method=java.util.HashMap.keysToArray([Ljava/lang/Object;)[Ljava/lang/Object; @ 48 c2
Event: 2781.965 Thread 0x000002694520d810 DEOPT PACKING pc=0x000002695f4cda48 sp=0x000000bab48fe980
Event: 2781.965 Thread 0x000002694520d810 DEOPT UNPACKING pc=0x000002695eef46a2 sp=0x000000bab48fe938 mode 2
Event: 2787.197 Thread 0x000002694520d810 Uncommon trap: trap_request=0xffffffbe fr.pc=0x000002695f4ce6e0 relative=0x0000000000000240
Event: 2787.197 Thread 0x000002694520d810 Uncommon trap: reason=profile_predicate action=maybe_recompile pc=0x000002695f4ce6e0 method=java.util.HashMap.keysToArray([Ljava/lang/Object;)[Ljava/lang/Object; @ 48 c2
Event: 2787.197 Thread 0x000002694520d810 DEOPT PACKING pc=0x000002695f4ce6e0 sp=0x000000bab48fe980
Event: 2787.197 Thread 0x000002694520d810 DEOPT UNPACKING pc=0x000002695eef46a2 sp=0x000000bab48fe938 mode 2
Event: 2788.944 Thread 0x000002694520d810 Uncommon trap: trap_request=0xffffffbe fr.pc=0x000002695f4ce6e0 relative=0x0000000000000240
Event: 2788.944 Thread 0x000002694520d810 Uncommon trap: reason=profile_predicate action=maybe_recompile pc=0x000002695f4ce6e0 method=java.util.HashMap.keysToArray([Ljava/lang/Object;)[Ljava/lang/Object; @ 48 c2
Event: 2788.944 Thread 0x000002694520d810 DEOPT PACKING pc=0x000002695f4ce6e0 sp=0x000000bab48fe980
Event: 2788.944 Thread 0x000002694520d810 DEOPT UNPACKING pc=0x000002695eef46a2 sp=0x000000bab48fe938 mode 2

Classes loaded (20 events):
Event: 2.209 Loading class java/awt/Toolkit$ToolkitEventMulticaster
Event: 2.209 Loading class java/awt/Toolkit$ToolkitEventMulticaster done
Event: 2.209 Loading class java/awt/event/MouseWheelEvent
Event: 2.209 Loading class java/awt/event/MouseWheelEvent done
Event: 5.451 Loading class java/awt/LightweightDispatcher$2
Event: 5.451 Loading class java/awt/LightweightDispatcher$2 done
Event: 1134.500 Loading class sun/java2d/SurfaceDataProxy$CountdownTracker
Event: 1134.502 Loading class sun/java2d/SurfaceDataProxy$CountdownTracker done
Event: 1134.810 Loading class sun/awt/image/BufferedImageDevice
Event: 1134.811 Loading class sun/awt/image/BufferedImageDevice done
Event: 1134.882 Loading class javax/swing/RepaintManager$DoubleBufferInfo
Event: 1134.883 Loading class javax/swing/RepaintManager$DoubleBufferInfo done
Event: 1134.886 Loading class sun/awt/image/OffScreenImage
Event: 1134.892 Loading class sun/awt/image/OffScreenImage done
Event: 2716.579 Loading class java/util/WeakHashMap$KeyIterator
Event: 2716.583 Loading class java/util/WeakHashMap$HashIterator
Event: 2716.598 Loading class java/util/WeakHashMap$HashIterator done
Event: 2716.598 Loading class java/util/WeakHashMap$KeyIterator done
Event: 2717.299 Loading class javax/swing/RepaintManager$DisplayChangedRunnable
Event: 2717.301 Loading class javax/swing/RepaintManager$DisplayChangedRunnable done

Classes unloaded (0 events):
No events

Classes redefined (0 events):
No events

Internal exceptions (16 events):
Event: 0.072 Thread 0x000002694d44e630 Exception <a 'sun/nio/fs/WindowsException'{0x00000000918bbfa8}> (0x00000000918bbfa8) 
thrown [s\open\src\hotspot\share\prims\jni.cpp, line 520]
Event: 0.075 Thread 0x000002694d44e630 Exception <a 'sun/nio/fs/WindowsException'{0x00000000918be6d8}> (0x00000000918be6d8) 
thrown [s\open\src\hotspot\share\prims\jni.cpp, line 520]
Event: 0.075 Thread 0x000002694d44e630 Exception <a 'sun/nio/fs/WindowsException'{0x00000000918bf270}> (0x00000000918bf270) 
thrown [s\open\src\hotspot\share\prims\jni.cpp, line 520]
Event: 0.101 Thread 0x000002694d44e630 Exception <a 'java/lang/ClassNotFoundException'{0x000000009176c058}: sun/awt/resources/spi/awtProvider> (0x000000009176c058) 
thrown [s\open\src\hotspot\share\classfile\systemDictionary.cpp, line 313]
Event: 0.119 Thread 0x000002694d44e630 Exception <a 'java/io/FileNotFoundException'{0x00000000917bff48}> (0x00000000917bff48) 
thrown [s\open\src\hotspot\share\prims\jni.cpp, line 520]
Event: 0.125 Thread 0x000002694d44e630 Exception <a 'java/io/FileNotFoundException'{0x00000000917ee170}> (0x00000000917ee170) 
thrown [s\open\src\hotspot\share\prims\jni.cpp, line 520]
Event: 0.247 Thread 0x000002694d44e630 Exception <a 'java/lang/NoSuchMethodError'{0x000000009150cd80}: 'void java.lang.invoke.DirectMethodHandle$Holder.invokeSpecial(java.lang.Object, java.lang.Object, java.lang.Object)'> (0x000000009150cd80) 
thrown [s\open\src\hotspot\share\interpreter\linkResolver.cpp, line 774]
Event: 0.253 Thread 0x000002694d44e630 Exception <a 'java/lang/NoSuchMethodError'{0x0000000091533160}: 'java.lang.Object java.lang.invoke.DirectMethodHandle$Holder.newInvokeSpecial(java.lang.Object, java.lang.Object, java.lang.Object, java.lang.Object, java.lang.Object)'> (0x0000000091533160) 
thrown [s\open\src\hotspot\share\interpreter\linkResolver.cpp, line 774]
Event: 0.257 Thread 0x000002694d44e630 Exception <a 'java/lang/NoSuchMethodError'{0x000000009155fa78}: 'java.lang.Object java.lang.invoke.DirectMethodHandle$Holder.invokeStatic(java.lang.Object, int, java.lang.Object)'> (0x000000009155fa78) 
thrown [s\open\src\hotspot\share\interpreter\linkResolver.cpp, line 774]
Event: 0.273 Thread 0x000002694d44e630 Exception <a 'java/lang/ClassNotFoundException'{0x0000000091401ac8}: com/sun/swing/internal/plaf/metal/resources/spi/metalProvider> (0x0000000091401ac8) 
thrown [s\open\src\hotspot\share\classfile\systemDictionary.cpp, line 313]
Event: 0.273 Thread 0x000002694d44e630 Exception <a 'java/lang/ClassNotFoundException'{0x0000000091405a78}: com/sun/swing/internal/plaf/basic/resources/spi/basicProvider> (0x0000000091405a78) 
thrown [s\open\src\hotspot\share\classfile\systemDictionary.cpp, line 313]
Event: 0.282 Thread 0x000002694d44e630 Exception <a 'java/lang/NoSuchMethodError'{0x00000000914251c8}: 'int java.lang.invoke.Invokers$Holder.invokeExact_MT(java.lang.Object, java.lang.Object)'> (0x00000000914251c8) 
thrown [s\open\src\hotspot\share\interpreter\linkResolver.cpp, line 774]
Event: 0.336 Thread 0x000002694520e530 Exception <a 'java/lang/NoSuchMethodError'{0x000000009122fad0}: 'java.lang.Object java.lang.invoke.DirectMethodHandle$Holder.newInvokeSpecial(java.lang.Object, java.lang.Object, java.lang.Object, int, int, int, int, int)'> (0x000000009122fad0) 
thrown [s\open\src\hotspot\share\interpreter\linkResolver.cpp, line 774]
Event: 0.446 Thread 0x000002694520d810 Exception <a 'java/lang/NoSuchMethodError'{0x0000000090d04e50}: 'void java.lang.invoke.DirectMethodHandle$Holder.invokeVirtual(java.lang.Object, java.lang.Object)'> (0x0000000090d04e50) 
thrown [s\open\src\hotspot\share\interpreter\linkResolver.cpp, line 774]
Event: 0.462 Thread 0x000002694d44e630 Exception <a 'java/lang/NoSuchMethodError'{0x0000000091458ce0}: 'void java.lang.invoke.DirectMethodHandle$Holder.invokeStaticInit(java.lang.Object)'> (0x0000000091458ce0) 
thrown [s\open\src\hotspot\share\interpreter\linkResolver.cpp, line 774]
Event: 0.789 Thread 0x000002694520bdd0 Implicit null exception at 0x000002695f44abbd to 0x000002695f44ac3d

ZGC Phase Switch (0 events):
No events

VM Operations (20 events):
Event: 733.153 Executing VM operation: Cleanup
Event: 733.153 Executing VM operation: Cleanup done
Event: 1134.081 Executing VM operation: Cleanup
Event: 1134.081 Executing VM operation: Cleanup done
Event: 1135.081 Executing VM operation: Cleanup
Event: 1135.081 Executing VM operation: Cleanup done
Event: 1136.086 Executing VM operation: Cleanup
Event: 1136.086 Executing VM operation: Cleanup done
Event: 1143.001 Executing VM operation: HandshakeAllThreads (HandshakeForDeflation)
Event: 1143.001 Executing VM operation: HandshakeAllThreads (HandshakeForDeflation) done
Event: 1143.001 Executing VM operation: RendezvousGCThreads
Event: 1143.001 Executing VM operation: RendezvousGCThreads done
Event: 1299.187 Executing VM operation: Cleanup
Event: 1299.187 Executing VM operation: Cleanup done
Event: 2716.519 Executing VM operation: Cleanup
Event: 2716.535 Executing VM operation: Cleanup done
Event: 2717.535 Executing VM operation: Cleanup
Event: 2717.591 Executing VM operation: Cleanup done
Event: 2789.466 Executing VM operation: G1CollectForAllocation (G1 Evacuation Pause)
Event: 2789.543 Executing VM operation: G1CollectForAllocation (G1 Evacuation Pause) done

Memory protections (0 events):
No events

Nmethod flushes (0 events):
No events

Events (20 events):
Event: 0.037 Thread 0x000002694d44e630 Thread added: 0x000002696bfd8a90
Event: 0.037 Thread 0x000002694d44e630 Thread added: 0x000002696bfd97d0
Event: 0.037 Thread 0x000002694d44e630 Thread added: 0x000002696c004b60
Event: 0.037 Thread 0x000002694d44e630 Thread added: 0x000002696c008070
Event: 0.037 Thread 0x000002694d44e630 Thread added: 0x000002696c00bcd0
Event: 0.058 Thread 0x000002694d44e630 Thread added: 0x000002694520dea0
Event: 0.085 Thread 0x000002694d44e630 Thread added: 0x000002694520c460
Event: 0.166 Thread 0x000002694d44e630 Thread added: 0x000002694520d180
Event: 0.167 Thread 0x000002694d44e630 Thread added: 0x000002694520ebc0
Event: 0.168 Thread 0x000002694d44e630 Thread added: 0x000002694520d810
Event: 0.288 Thread 0x000002694d44e630 Thread added: 0x000002694520e530
Event: 0.410 Thread 0x000002694d44e630 Thread added: 0x000002694520f250
Event: 0.413 Thread 0x000002696c00bcd0 Thread added: 0x000002696c009ac0
Event: 0.445 Thread 0x000002694520d810 Thread added: 0x000002694520bdd0
Event: 0.535 Thread 0x000002694d44e630 Thread exited: 0x000002694d44e630
Event: 0.535 Thread 0x000002694520caf0 Thread added: 0x000002694520caf0
Event: 0.538 Thread 0x000002694520bdd0 Thread added: 0x000002694bffe270
Event: 2.208 Thread 0x000002696c009ac0 Thread exited: 0x000002696c009ac0
Event: 5.432 Thread 0x000002694520e530 Thread exited: 0x000002694520e530
Event: 5.447 Thread 0x000002694520f250 Thread exited: 0x000002694520f250


Dynamic libraries:
0x00007ff6a78f0000 - 0x00007ff6a7900000 	C:\Program Files\Java\jdk-22\bin\java.exe
0x00007ff81e1f0000 - 0x00007ff81e407000 	C:\WINDOWS\SYSTEM32\ntdll.dll
0x00007ff81d400000 - 0x00007ff81d4c4000 	C:\WINDOWS\System32\KERNEL32.DLL
0x00007ff81b9f0000 - 0x00007ff81bd9d000 	C:\WINDOWS\System32\KERNELBASE.dll
0x00007ff81b8d0000 - 0x00007ff81b9e1000 	C:\WINDOWS\System32\ucrtbase.dll
0x00007ffff06c0000 - 0x00007ffff06db000 	C:\Program Files\Java\jdk-22\bin\VCRUNTIME140.dll
0x00007ff80f040000 - 0x00007ff80f057000 	C:\Program Files\Java\jdk-22\bin\jli.dll
0x00007ff81d8d0000 - 0x00007ff81da7e000 	C:\WINDOWS\System32\USER32.dll
0x00007ff81bec0000 - 0x00007ff81bee6000 	C:\WINDOWS\System32\win32u.dll
0x00007ff81e180000 - 0x00007ff81e1a9000 	C:\WINDOWS\System32\GDI32.dll
0x00007ff81a760000 - 0x00007ff81a9f3000 	C:\WINDOWS\WinSxS\amd64_microsoft.windows.common-controls_6595b64144ccf1df_6.0.22621.3672_none_2713b9d173822955\COMCTL32.dll
0x00007ff81bda0000 - 0x00007ff81beb9000 	C:\WINDOWS\System32\gdi32full.dll
0x00007ff81b700000 - 0x00007ff81b79a000 	C:\WINDOWS\System32\msvcp_win.dll
0x00007ff81c5c0000 - 0x00007ff81c667000 	C:\WINDOWS\System32\msvcrt.dll
0x00007ff81bf80000 - 0x00007ff81bfb1000 	C:\WINDOWS\System32\IMM32.DLL
0x00007ff80fdf0000 - 0x00007ff80fdfc000 	C:\Program Files\Java\jdk-22\bin\vcruntime140_1.dll
0x00007fffbed60000 - 0x00007fffbedee000 	C:\Program Files\Java\jdk-22\bin\msvcp140.dll
0x00007fff55f50000 - 0x00007fff56c99000 	C:\Program Files\Java\jdk-22\bin\server\jvm.dll
0x00007ff81c170000 - 0x00007ff81c222000 	C:\WINDOWS\System32\ADVAPI32.dll
0x00007ff81c040000 - 0x00007ff81c0e9000 	C:\WINDOWS\System32\sechost.dll
0x00007ff81bef0000 - 0x00007ff81bf18000 	C:\WINDOWS\System32\bcrypt.dll
0x00007ff81c7e0000 - 0x00007ff81c8f4000 	C:\WINDOWS\System32\RPCRT4.dll
0x00007ff81c0f0000 - 0x00007ff81c161000 	C:\WINDOWS\System32\WS2_32.dll
0x00007ff817d70000 - 0x00007ff817da4000 	C:\WINDOWS\SYSTEM32\WINMM.dll
0x00007ff819c50000 - 0x00007ff819c5a000 	C:\WINDOWS\SYSTEM32\VERSION.dll
0x00007ff81b220000 - 0x00007ff81b26d000 	C:\WINDOWS\SYSTEM32\POWRPROF.dll
0x00007ff81b200000 - 0x00007ff81b213000 	C:\WINDOWS\SYSTEM32\UMPDC.dll
0x00007ff819600000 - 0x00007ff819618000 	C:\WINDOWS\SYSTEM32\kernel.appcore.dll
0x00007ff80c970000 - 0x00007ff80c97a000 	C:\Program Files\Java\jdk-22\bin\jimage.dll
0x00007ff81ade0000 - 0x00007ff81b012000 	C:\WINDOWS\SYSTEM32\DBGHELP.DLL
0x00007ff81c230000 - 0x00007ff81c5bd000 	C:\WINDOWS\System32\combase.dll
0x00007ff81d4e0000 - 0x00007ff81d5b7000 	C:\WINDOWS\System32\OLEAUT32.dll
0x00007ff81acd0000 - 0x00007ff81ad02000 	C:\WINDOWS\SYSTEM32\dbgcore.DLL
0x00007ff81b510000 - 0x00007ff81b58b000 	C:\WINDOWS\System32\bcryptPrimitives.dll
0x00007fffe64d0000 - 0x00007fffe64ee000 	C:\Program Files\Java\jdk-22\bin\java.dll
0x00007ff81c900000 - 0x00007ff81d168000 	C:\WINDOWS\System32\SHELL32.dll
0x00007ff81d5c0000 - 0x00007ff81d765000 	C:\WINDOWS\System32\ole32.dll
0x00007ff818530000 - 0x00007ff818e2e000 	C:\WINDOWS\SYSTEM32\windows.storage.dll
0x00007ff8183f0000 - 0x00007ff81852f000 	C:\WINDOWS\SYSTEM32\wintypes.dll
0x00007ff81df80000 - 0x00007ff81e079000 	C:\WINDOWS\System32\SHCORE.dll
0x00007ff81bf20000 - 0x00007ff81bf7e000 	C:\WINDOWS\System32\shlwapi.dll
0x00007ff81b440000 - 0x00007ff81b461000 	C:\WINDOWS\SYSTEM32\profapi.dll
0x00007fffa9d80000 - 0x00007fffa9e57000 	C:\Program Files\Java\jdk-22\bin\jsvml.dll
0x00007ff80c690000 - 0x00007ff80c6a0000 	C:\Program Files\Java\jdk-22\bin\net.dll
0x00007ff8199e0000 - 0x00007ff819a49000 	C:\WINDOWS\system32\mswsock.dll
0x00007fffe3a10000 - 0x00007fffe3a26000 	C:\Program Files\Java\jdk-22\bin\nio.dll
0x00007fff9d8e0000 - 0x00007fff9da6e000 	C:\Program Files\Java\jdk-22\bin\awt.dll
0x00007ff817ad0000 - 0x00007ff817b67000 	C:\WINDOWS\SYSTEM32\apphelp.dll
0x00007ff819f60000 - 0x00007ff819f8b000 	C:\WINDOWS\system32\DWMAPI.DLL
0x00007ff819d30000 - 0x00007ff819de0000 	C:\WINDOWS\system32\uxtheme.dll
0x00007fff7bb70000 - 0x00007fff7bc70000 	C:\WINDOWS\system32\opengl32.dll
0x00007fff7b6c0000 - 0x00007fff7b6ed000 	C:\WINDOWS\SYSTEM32\GLU32.dll
0x00007ff819e10000 - 0x00007ff819e47000 	C:\WINDOWS\SYSTEM32\dxcore.dll
0x00007ff81c680000 - 0x00007ff81c7db000 	C:\WINDOWS\System32\MSCTF.dll
0x00007fffe7ca0000 - 0x00007fffe7e48000 	C:\WINDOWS\system32\d3d9.dll
0x00007ff811670000 - 0x00007ff81182b000 	C:\WINDOWS\System32\DriverStore\FileRepository\u0402576.inf_amd64_2f34f6dd60e75af4\B399655\aticfx64.dll
0x00007fffb7da0000 - 0x00007fffb7dd4000 	C:\WINDOWS\System32\DriverStore\FileRepository\u0402576.inf_amd64_2f34f6dd60e75af4\B399655\atiu9p64.dll
0x00007fff948d0000 - 0x00007fff95617000 	C:\WINDOWS\System32\DriverStore\FileRepository\u0402576.inf_amd64_2f34f6dd60e75af4\B399655\atiumd64.dll
0x0000000075f20000 - 0x0000000076e33000 	C:\WINDOWS\System32\DriverStore\FileRepository\u0402576.inf_amd64_2f34f6dd60e75af4\B399655\atiumd6a.dll
0x00007ff81da80000 - 0x00007ff81def4000 	C:\WINDOWS\System32\SETUPAPI.dll
0x00007ff810f60000 - 0x00007ff810f95000 	C:\WINDOWS\SYSTEM32\amdihk64.dll
0x00007ff815870000 - 0x00007ff8158b9000 	C:\WINDOWS\SYSTEM32\directxdatabasehelper.dll
0x00007fffe0f40000 - 0x00007fffe0f57000 	C:\Program Files\Java\jdk-22\bin\zip.dll
0x00007fffb68c0000 - 0x00007fffb6947000 	C:\Program Files\Java\jdk-22\bin\freetype.dll
0x00007fffa1dc0000 - 0x00007fffa1e97000 	C:\Program Files\Java\jdk-22\bin\fontmanager.dll
0x00007ff810fe0000 - 0x00007ff81112e000 	C:\WINDOWS\SYSTEM32\textinputframework.dll
0x00007fffe67a0000 - 0x00007fffe6809000 	C:\WINDOWS\system32\Oleacc.dll
0x00007ff81d170000 - 0x00007ff81d220000 	C:\WINDOWS\System32\clbcatq.dll
0x00007ff80ede0000 - 0x00007ff80ee2b000 	C:\WINDOWS\system32\ApplicationTargetedFeatureDatabase.dll
0x00007ff813610000 - 0x00007ff81389a000 	C:\Windows\System32\twinapi.appcore.dll
0x00007ff817730000 - 0x00007ff817863000 	C:\WINDOWS\SYSTEM32\CoreMessaging.dll
0x00007ff8149f0000 - 0x00007ff814d5d000 	C:\WINDOWS\SYSTEM32\CoreUIComponents.dll
0x00007ff819c40000 - 0x00007ff819c4c000 	C:\WINDOWS\SYSTEM32\CRYPTBASE.DLL
0x00007ff809f00000 - 0x00007ff809fb0000 	C:\WINDOWS\SYSTEM32\TextShaping.dll

dbghelp: loaded successfully - version: 4.0.5 - missing functions: none
symbol engine: initialized successfully - sym options: 0x614 - pdb path: .;C:\Program Files\Java\jdk-22\bin;C:\WINDOWS\SYSTEM32;C:\WINDOWS\WinSxS\amd64_microsoft.windows.common-controls_6595b64144ccf1df_6.0.22621.3672_none_2713b9d173822955;C:\Program Files\Java\jdk-22\bin\server;C:\WINDOWS\System32\DriverStore\FileRepository\u0402576.inf_amd64_2f34f6dd60e75af4\B399655

VM Arguments:
jvm_args: -Dfile.encoding=UTF-8 --module-path=C:\Users\syedharis\OneDrive\Documents\NetBeansProjects\Chatting Application1\build\classes 
java_command: chatting.application1.Server
java_class_path (initial): C:\Users\syedharis\OneDrive\Documents\NetBeansProjects\Chatting Application1\build\classes
Launcher Type: SUN_STANDARD

[Global flags]
     intx CICompilerCount                          = 4                                         {product} {ergonomic}
     uint ConcGCThreads                            = 3                                         {product} {ergonomic}
     uint G1ConcRefinementThreads                  = 10                                        {product} {ergonomic}
   size_t G1HeapRegionSize                         = 1048576                                   {product} {ergonomic}
   size_t InitialHeapSize                          = 123731968                                 {product} {ergonomic}
   size_t MarkStackSize                            = 4194304                                   {product} {ergonomic}
   size_t MaxHeapSize                              = 1975517184                                {product} {ergonomic}
   size_t MaxNewSize                               = 1184890880                                {product} {ergonomic}
   size_t MinHeapDeltaBytes                        = 1048576                                   {product} {ergonomic}
   size_t MinHeapSize                              = 8388608                                   {product} {ergonomic}
    uintx NonNMethodCodeHeapSize                   = 5839372                                {pd product} {ergonomic}
    uintx NonProfiledCodeHeapSize                  = 122909434                              {pd product} {ergonomic}
    uintx ProfiledCodeHeapSize                     = 122909434                              {pd product} {ergonomic}
    uintx ReservedCodeCacheSize                    = 251658240                              {pd product} {ergonomic}
     bool SegmentedCodeCache                       = true                                      {product} {ergonomic}
   size_t SoftMaxHeapSize                          = 1975517184                             {manageable} {ergonomic}
     bool UseCompressedOops                        = true                           {product lp64_product} {ergonomic}
     bool UseG1GC                                  = true                                      {product} {ergonomic}
     bool UseLargePagesIndividualAllocation        = false                                  {pd product} {ergonomic}

Logging:
Log output configuration:
 #0: stdout all=warning uptime,level,tags foldmultilines=false
 #1: stderr all=off uptime,level,tags foldmultilines=false

Environment Variables:
PATH=C:\Program Files\Common Files\Oracle\Java\javapath;C:\Program Files (x86)\Common Files\Oracle\Java\java8path;C:\Program Files (x86)\Common Files\Oracle\Java\javapath;C:\WINDOWS\system32;C:\WINDOWS;C:\WINDOWS\System32\Wbem;C:\WINDOWS\System32\WindowsPowerShell\v1.0\;C:\WINDOWS\System32\OpenSSH\;C:\Program Files\dotnet\;C:\MinGW\bin;C:\Program Files\Git\cmd;C:\Program Files\Git\bin;C:\Program Files\Java\jdk-22\bin;C:\Users\syedharis\AppData\Local\Microsoft\WindowsApps;C:\Users\syedharis\AppData\Local\Programs\Microsoft VS Code\bin
USERNAME=syedharis
OS=Windows_NT
PROCESSOR_IDENTIFIER=AMD64 Family 23 Model 104 Stepping 1, AuthenticAMD
TMP=C:\Users\SYEDHA~1\AppData\Local\Temp
TEMP=C:\Users\SYEDHA~1\AppData\Local\Temp




Periodic native trim disabled

---------------  S Y S T E M  ---------------

OS:
 Windows 11 , 64 bit Build 22621 (10.0.22621.3958)
OS uptime: 4 days 20:27 hours

CPU: total 12 (initial active 12) (12 cores per cpu, 2 threads per core) family 23 model 104 stepping 1 microcode 0x0, cx8, cmov, fxsr, ht, mmx, 3dnowpref, sse, sse2, sse3, ssse3, sse4a, sse4.1, sse4.2, popcnt, lzcnt, tsc, tscinvbit, avx, avx2, aes, clmul, bmi1, bmi2, adx, sha, fma, vzeroupper, clflush, clflushopt, rdtscp, rdpid, f16c
Processor Information for all 12 processors :
  Max Mhz: 2100, Current Mhz: 2100, Mhz Limit: 2100

Memory: 4k page, system-wide physical 7528M (268M free)
TotalPageFile size 31080M (AvailPageFile size 0M)
current process WorkingSet (physical memory assigned to process): 57M, peak: 128M
current process commit charge ("private bytes"): 260M, peak: 278M

vm_info: Java HotSpot(TM) 64-Bit Server VM (22.0.2+9-70) for windows-amd64 JRE (22.0.2+9-70), built on 2024-06-04T16:52:23Z by "mach5one" with MS VC++ 17.6 (VS2022)

END.
