#
# There is insufficient memory for the Java Runtime Environment to continue.
# Native memory allocation (mmap) failed to map 123731968 bytes. Error detail: G1 virtual space
# Possible reasons:
#   The system is out of physical RAM or swap space
#   This process is running with CompressedOops enabled, and the Java Heap may be blocking the growth of the native heap
# Possible solutions:
#   Reduce memory load on the system
#   Increase physical memory or swap space
#   Check if swap backing store is full
#   Decrease Java heap size (-Xmx/-Xms)
#   Decrease number of Java threads
#   Decrease Java thread stack sizes (-Xss)
#   Set larger code cache with -XX:ReservedCodeCacheSize=
#   JVM is running with Unscaled Compressed Oops mode in which the Java heap is
#     placed in the first 4GB address space. The Java Heap base address is the
#     maximum limit for the native heap growth. Please use -XX:HeapBaseMinAddress
#     to set the Java Heap base and to place the Java Heap above 4GB virtual address.
# This output file may be truncated or incomplete.
#
#  Out of Memory Error (os_windows.cpp:3631), pid=31800, tid=10164
#
# JRE version:  (22.0.2+9) (build )
# Java VM: Java HotSpot(TM) 64-Bit Server VM (22.0.2+9-70, mixed mode, sharing, tiered, compressed oops, compressed class ptrs, g1 gc, windows-amd64)
# No core dump will be written. Minidumps are not enabled by default on client versions of Windows
#

---------------  S U M M A R Y ------------

Command Line: -Dfile.encoding=UTF-8 --module-path=C:\Users\syedharis\OneDrive\Documents\NetBeansProjects\Chatting Application1\build\classes chatting.application1.Server

Host: AMD Ryzen 5 5500U with Radeon Graphics         , 12 cores, 7G,  Windows 11 , 64 bit Build 22621 (10.0.22621.3958)
Time: Tue Aug 27 19:31:37 2024 India Standard Time elapsed time: 0.021679 seconds (0d 0h 0m 0s)

---------------  T H R E A D  ---------------

Current thread (0x000002071fef9230):  JavaThread "Unknown thread" [_thread_in_vm, id=10164, stack(0x000000f262300000,0x000000f262400000) (1024K)]

Stack: [0x000000f262300000,0x000000f262400000]
Native frames: (J=compiled Java code, j=interpreted, Vv=VM code, C=native code)
V  [jvm.dll+0x6e26e9]  (no source info available)
V  [jvm.dll+0x875753]  (no source info available)
V  [jvm.dll+0x877b7e]  (no source info available)
V  [jvm.dll+0x878253]  (no source info available)
V  [jvm.dll+0x27fc86]  (no source info available)
V  [jvm.dll+0x6ded85]  (no source info available)
V  [jvm.dll+0x6d388a]  (no source info available)
V  [jvm.dll+0x358b8a]  (no source info available)
V  [jvm.dll+0x3610b6]  (no source info available)
V  [jvm.dll+0x3b419e]  (no source info available)
V  [jvm.dll+0x3b4448]  (no source info available)
V  [jvm.dll+0x32c5ec]  (no source info available)
V  [jvm.dll+0x32d258]  (no source info available)
V  [jvm.dll+0x83d5ac]  (no source info available)
V  [jvm.dll+0x3c10d1]  (no source info available)
V  [jvm.dll+0x8264cc]  (no source info available)
V  [jvm.dll+0x45bd5e]  (no source info available)
V  [jvm.dll+0x45dbe1]  (no source info available)
C  [jli.dll+0x52a3]  (no source info available)
C  [ucrtbase.dll+0x29333]  (no source info available)
C  [KERNEL32.DLL+0x1257d]  (no source info available)
C  [ntdll.dll+0x5af28]  (no source info available)


---------------  P R O C E S S  ---------------

Threads class SMR info:
_java_thread_list=0x00007fff56b3c1c8, length=0, elements={
}

Java Threads: ( => current thread )
Total: 0

Other Threads:
  0x000002071ff4fd60 WorkerThread "GC Thread#0"                     [id=27872, stack(0x000000f262400000,0x000000f262500000) (1024K)]
  0x000002071ff61800 ConcurrentGCThread "G1 Main Marker"            [id=33268, stack(0x000000f262500000,0x000000f262600000) (1024K)]
  0x000002071ff623d0 WorkerThread "G1 Conc#0"                       [id=29612, stack(0x000000f262600000,0x000000f262700000) (1024K)]

[error occurred during error reporting (printing all threads), id 0xc0000005, EXCEPTION_ACCESS_VIOLATION (0xc0000005) at pc=0x00007fff5628f517]
VM state: not at safepoint (not fully initialized)

VM Mutex/Monitor currently owned by a thread:  ([mutex/lock_event])
[0x00007fff56bbcc80] Heap_lock - owner thread: 0x000002071fef9230

Heap address: 0x000000008a400000, size: 1884 MB, Compressed Oops mode: 32-bit

CDS archive(s) mapped at: [0x0000000000000000-0x0000000000000000-0x0000000000000000), size 0, SharedBaseAddress: 0x0000000800000000, ArchiveRelocationMode: 1.
Narrow klass base: 0x0000000000000000, Narrow klass shift: 0, Narrow klass range: 0x0

GC Precious Log:
 CardTable entry size: 512
 Card Set container configuration: InlinePtr #cards 5 size 8 Array Of Cards #cards 12 size 40 Howl #buckets 4 coarsen threshold 1843 Howl Bitmap #cards 512 size 80 coarsen threshold 460 Card regions per heap region 1 cards per card region 2048

Heap:
 garbage-first heap   total reserved 1929216K, committed 0K, used 0K [0x000000008a400000, 0x0000000100000000)
  region size 1024K, 0 young (0K), 0 survivors (0K)

[error occurred during error reporting (printing heap information), id 0xc0000005, EXCEPTION_ACCESS_VIOLATION (0xc0000005) at pc=0x00007fff5668e869]
GC Heap History (0 events):
No events

Dll operation events (1 events):
Event: 0.015 Loaded shared library C:\Program Files\Java\jdk-22\bin\java.dll

Deoptimization events (0 events):
No events

Classes loaded (0 events):
No events

Classes unloaded (0 events):
No events

Classes redefined (0 events):
No events

Internal exceptions (0 events):
No events

ZGC Phase Switch (0 events):
No events

VM Operations (0 events):
No events

Memory protections (0 events):
No events

Nmethod flushes (0 events):
No events

Events (0 events):
No events


Dynamic libraries:
0x00007ff6a78f0000 - 0x00007ff6a7900000 	C:\Program Files\Java\jdk-22\bin\java.exe
0x00007ff81e1f0000 - 0x00007ff81e407000 	C:\WINDOWS\SYSTEM32\ntdll.dll
0x00007ff81d400000 - 0x00007ff81d4c4000 	C:\WINDOWS\System32\KERNEL32.DLL
0x00007ff81b9f0000 - 0x00007ff81bd9d000 	C:\WINDOWS\System32\KERNELBASE.dll
0x00007ff81b8d0000 - 0x00007ff81b9e1000 	C:\WINDOWS\System32\ucrtbase.dll
0x00007ffff06c0000 - 0x00007ffff06db000 	C:\Program Files\Java\jdk-22\bin\VCRUNTIME140.dll
0x00007ff80f040000 - 0x00007ff80f057000 	C:\Program Files\Java\jdk-22\bin\jli.dll
0x00007ff81d8d0000 - 0x00007ff81da7e000 	C:\WINDOWS\System32\USER32.dll
0x00007ff81bec0000 - 0x00007ff81bee6000 	C:\WINDOWS\System32\win32u.dll
0x00007ff81a760000 - 0x00007ff81a9f3000 	C:\WINDOWS\WinSxS\amd64_microsoft.windows.common-controls_6595b64144ccf1df_6.0.22621.3672_none_2713b9d173822955\COMCTL32.dll
0x00007ff81e180000 - 0x00007ff81e1a9000 	C:\WINDOWS\System32\GDI32.dll
0x00007ff81c5c0000 - 0x00007ff81c667000 	C:\WINDOWS\System32\msvcrt.dll
0x00007ff81bda0000 - 0x00007ff81beb9000 	C:\WINDOWS\System32\gdi32full.dll
0x00007ff81b700000 - 0x00007ff81b79a000 	C:\WINDOWS\System32\msvcp_win.dll
0x00007ff81bf80000 - 0x00007ff81bfb1000 	C:\WINDOWS\System32\IMM32.DLL
0x00007ff80fdf0000 - 0x00007ff80fdfc000 	C:\Program Files\Java\jdk-22\bin\vcruntime140_1.dll
0x00007fffbed60000 - 0x00007fffbedee000 	C:\Program Files\Java\jdk-22\bin\msvcp140.dll
0x00007fff55f50000 - 0x00007fff56c99000 	C:\Program Files\Java\jdk-22\bin\server\jvm.dll
0x00007ff81c170000 - 0x00007ff81c222000 	C:\WINDOWS\System32\ADVAPI32.dll
0x00007ff81c040000 - 0x00007ff81c0e9000 	C:\WINDOWS\System32\sechost.dll
0x00007ff81bef0000 - 0x00007ff81bf18000 	C:\WINDOWS\System32\bcrypt.dll
0x00007ff81c7e0000 - 0x00007ff81c8f4000 	C:\WINDOWS\System32\RPCRT4.dll
0x00007ff81c0f0000 - 0x00007ff81c161000 	C:\WINDOWS\System32\WS2_32.dll
0x00007ff81b220000 - 0x00007ff81b26d000 	C:\WINDOWS\SYSTEM32\POWRPROF.dll
0x00007ff817d70000 - 0x00007ff817da4000 	C:\WINDOWS\SYSTEM32\WINMM.dll
0x00007ff819c50000 - 0x00007ff819c5a000 	C:\WINDOWS\SYSTEM32\VERSION.dll
0x00007ff81b200000 - 0x00007ff81b213000 	C:\WINDOWS\SYSTEM32\UMPDC.dll
0x00007ff819600000 - 0x00007ff819618000 	C:\WINDOWS\SYSTEM32\kernel.appcore.dll
0x00007ff80c970000 - 0x00007ff80c97a000 	C:\Program Files\Java\jdk-22\bin\jimage.dll
0x00007ff81ade0000 - 0x00007ff81b012000 	C:\WINDOWS\SYSTEM32\DBGHELP.DLL
0x00007ff81c230000 - 0x00007ff81c5bd000 	C:\WINDOWS\System32\combase.dll
0x00007ff81d4e0000 - 0x00007ff81d5b7000 	C:\WINDOWS\System32\OLEAUT32.dll
0x00007ff81acd0000 - 0x00007ff81ad02000 	C:\WINDOWS\SYSTEM32\dbgcore.DLL
0x00007ff81b510000 - 0x00007ff81b58b000 	C:\WINDOWS\System32\bcryptPrimitives.dll
0x00007fffe64d0000 - 0x00007fffe64ee000 	C:\Program Files\Java\jdk-22\bin\java.dll
0x00007ff81c900000 - 0x00007ff81d168000 	C:\WINDOWS\System32\SHELL32.dll
0x00007ff81d5c0000 - 0x00007ff81d765000 	C:\WINDOWS\System32\ole32.dll

dbghelp: loaded successfully - version: 4.0.5 - missing functions: none
symbol engine: initialized successfully - sym options: 0x614 - pdb path: .;C:\Program Files\Java\jdk-22\bin;C:\WINDOWS\SYSTEM32;C:\WINDOWS\WinSxS\amd64_microsoft.windows.common-controls_6595b64144ccf1df_6.0.22621.3672_none_2713b9d173822955;C:\Program Files\Java\jdk-22\bin\server

VM Arguments:
jvm_args: -Dfile.encoding=UTF-8 --module-path=C:\Users\syedharis\OneDrive\Documents\NetBeansProjects\Chatting Application1\build\classes 
java_command: chatting.application1.Server
java_class_path (initial): C:\Users\syedharis\OneDrive\Documents\NetBeansProjects\Chatting Application1\build\classes
Launcher Type: SUN_STANDARD

[Global flags]
     intx CICompilerCount                          = 4                                         {product} {ergonomic}
     uint ConcGCThreads                            = 3                                         {product} {ergonomic}
     uint G1ConcRefinementThreads                  = 10                                        {product} {ergonomic}
   size_t G1HeapRegionSize                         = 1048576                                   {product} {ergonomic}
   size_t InitialHeapSize                          = 123731968                                 {product} {ergonomic}
   size_t MarkStackSize                            = 4194304                                   {product} {ergonomic}
   size_t MaxHeapSize                              = 1975517184                                {product} {ergonomic}
   size_t MinHeapDeltaBytes                        = 1048576                                   {product} {ergonomic}
   size_t MinHeapSize                              = 8388608                                   {product} {ergonomic}
    uintx NonNMethodCodeHeapSize                   = 5839372                                {pd product} {ergonomic}
    uintx NonProfiledCodeHeapSize                  = 122909434                              {pd product} {ergonomic}
    uintx ProfiledCodeHeapSize                     = 122909434                              {pd product} {ergonomic}
    uintx ReservedCodeCacheSize                    = 251658240                              {pd product} {ergonomic}
     bool SegmentedCodeCache                       = true                                      {product} {ergonomic}
   size_t SoftMaxHeapSize                          = 1975517184                             {manageable} {ergonomic}
     bool UseCompressedOops                        = true                           {product lp64_product} {ergonomic}
     bool UseG1GC                                  = true                                      {product} {ergonomic}
     bool UseLargePagesIndividualAllocation        = false                                  {pd product} {ergonomic}

Logging:
Log output configuration:
 #0: stdout all=warning uptime,level,tags foldmultilines=false
 #1: stderr all=off uptime,level,tags foldmultilines=false

Environment Variables:
PATH=C:\Program Files\Common Files\Oracle\Java\javapath;C:\Program Files (x86)\Common Files\Oracle\Java\java8path;C:\Program Files (x86)\Common Files\Oracle\Java\javapath;C:\WINDOWS\system32;C:\WINDOWS;C:\WINDOWS\System32\Wbem;C:\WINDOWS\System32\WindowsPowerShell\v1.0\;C:\WINDOWS\System32\OpenSSH\;C:\Program Files\dotnet\;C:\MinGW\bin;C:\Program Files\Git\cmd;C:\Program Files\Git\bin;C:\Program Files\Java\jdk-22\bin;C:\Users\syedharis\AppData\Local\Microsoft\WindowsApps;C:\Users\syedharis\AppData\Local\Programs\Microsoft VS Code\bin
USERNAME=syedharis
OS=Windows_NT
PROCESSOR_IDENTIFIER=AMD64 Family 23 Model 104 Stepping 1, AuthenticAMD
TMP=C:\Users\SYEDHA~1\AppData\Local\Temp
TEMP=C:\Users\SYEDHA~1\AppData\Local\Temp




Periodic native trim disabled

---------------  S Y S T E M  ---------------

OS:
 Windows 11 , 64 bit Build 22621 (10.0.22621.3958)
OS uptime: 4 days 20:24 hours

CPU: total 12 (initial active 12) (12 cores per cpu, 2 threads per core) family 23 model 104 stepping 1 microcode 0x0, cx8, cmov, fxsr, ht, mmx, 3dnowpref, sse, sse2, sse3, ssse3, sse4a, sse4.1, sse4.2, popcnt, lzcnt, tsc, tscinvbit, avx, avx2, aes, clmul, bmi1, bmi2, adx, sha, fma, vzeroupper, clflush, clflushopt, rdtscp, rdpid, f16c
Processor Information for processor 0
  Max Mhz: 2100, Current Mhz: 1813, Mhz Limit: 2100
Processor Information for processor 1
  Max Mhz: 2100, Current Mhz: 1813, Mhz Limit: 2100
Processor Information for processor 2
  Max Mhz: 2100, Current Mhz: 1813, Mhz Limit: 2100
Processor Information for processor 3
  Max Mhz: 2100, Current Mhz: 1813, Mhz Limit: 2100
Processor Information for processor 4
  Max Mhz: 2100, Current Mhz: 1813, Mhz Limit: 2100
Processor Information for processor 5
  Max Mhz: 2100, Current Mhz: 1813, Mhz Limit: 2100
Processor Information for processor 6
  Max Mhz: 2100, Current Mhz: 2100, Mhz Limit: 2100
Processor Information for processor 7
  Max Mhz: 2100, Current Mhz: 1813, Mhz Limit: 2100
Processor Information for processor 8
  Max Mhz: 2100, Current Mhz: 1813, Mhz Limit: 2100
Processor Information for processor 9
  Max Mhz: 2100, Current Mhz: 1813, Mhz Limit: 2100
Processor Information for processor 10
  Max Mhz: 2100, Current Mhz: 1813, Mhz Limit: 2100
Processor Information for processor 11
  Max Mhz: 2100, Current Mhz: 1813, Mhz Limit: 2100

Memory: 4k page, system-wide physical 7528M (831M free)
TotalPageFile size 31080M (AvailPageFile size 45M)
current process WorkingSet (physical memory assigned to process): 12M, peak: 12M
current process commit charge ("private bytes"): 64M, peak: 182M

vm_info: Java HotSpot(TM) 64-Bit Server VM (22.0.2+9-70) for windows-amd64 JRE (22.0.2+9-70), built on 2024-06-04T16:52:23Z by "mach5one" with MS VC++ 17.6 (VS2022)

END.
